<?xml version="1.0" encoding="UTF-8"?>
<testsuite xmlns:xsi="http://www.w3.org/2001/XMLSchema-instance" xsi:noNamespaceSchemaLocation="https://maven.apache.org/surefire/maven-surefire-plugin/xsd/surefire-test-report-3.0.xsd" version="3.0" name="com.sp.sudoku.SudokuTest" time="1.129" tests="2" errors="0" skipped="0" failures="0">
  <properties>
[...]
</properties>
  <testcase name="givenSudoku_whenValidateAndValidatorThrowsException_thenFirstValidatorCalledAndReturn0" classname="com.sp.sudoku.SudokuTest" time="1.121"/>
  <testcase name="givenSudoku_whenValidate_thenValidatorsGetCalledOnceAndInSequence" classname="com.sp.sudoku.SudokuTest" time="0.003"/>
</testsuite>